0 info it worked if it ends with ok
1 verbose cli [ 'C:\\Program Files\\nodejs\\node.exe',
1 verbose cli   'C:\\Users\\Mark0\\AppData\\Roaming\\npm\\node_modules\\npm\\bin\\npm-cli.js',
1 verbose cli   'install',
1 verbose cli   '-',
1 verbose cli   'g',
1 verbose cli   'git' ]
2 info using npm@4.1.2
3 info using node@v7.4.0
4 silly loadCurrentTree Starting
5 silly install loadCurrentTree
6 silly install readLocalPackageData
7 silly fetchPackageMetaData -
8 silly fetchPackageMetaData g
9 silly fetchPackageMetaData git
10 silly fetchOtherPackageData -
11 silly cache add args [ '-', null ]
12 verbose cache add spec -
13 silly fetchNamedPackageData g
14 silly mapToRegistry name g
15 silly mapToRegistry using default registry
16 silly mapToRegistry registry https://registry.npmjs.org/
17 silly mapToRegistry data Result {
17 silly mapToRegistry   raw: 'g',
17 silly mapToRegistry   scope: null,
17 silly mapToRegistry   escapedName: 'g',
17 silly mapToRegistry   name: 'g',
17 silly mapToRegistry   rawSpec: '',
17 silly mapToRegistry   spec: 'latest',
17 silly mapToRegistry   type: 'tag' }
18 silly mapToRegistry uri https://registry.npmjs.org/g
19 silly fetchNamedPackageData git
20 silly mapToRegistry name git
21 silly mapToRegistry using default registry
22 silly mapToRegistry registry https://registry.npmjs.org/
23 silly mapToRegistry data Result {
23 silly mapToRegistry   raw: 'git',
23 silly mapToRegistry   scope: null,
23 silly mapToRegistry   escapedName: 'git',
23 silly mapToRegistry   name: 'git',
23 silly mapToRegistry   rawSpec: '',
23 silly mapToRegistry   spec: 'latest',
23 silly mapToRegistry   type: 'tag' }
24 silly mapToRegistry uri https://registry.npmjs.org/git
25 silly cache add parsed spec Result {
25 silly cache add   raw: '-',
25 silly cache add   scope: null,
25 silly cache add   escapedName: null,
25 silly cache add   name: null,
25 silly cache add   rawSpec: '-',
25 silly cache add   spec: 'C:\\Users\\Mark0\\Apps\\StockApp\\-',
25 silly cache add   type: 'local' }
26 verbose request uri https://registry.npmjs.org/g
27 verbose request no auth needed
28 info attempt registry request try #1 at 12:15:18 PM
29 verbose request id 593b5aa75929bd05
30 http request GET https://registry.npmjs.org/g
31 error addLocal Could not install C:\Users\Mark0\Apps\StockApp\-
32 silly fetchPackageMetaData Error: ENOENT: no such file or directory, open 'C:\Users\Mark0\Apps\StockApp\-'
32 silly fetchPackageMetaData  error for - { Error: ENOENT: no such file or directory, open 'C:\Users\Mark0\Apps\StockApp\-'
32 silly fetchPackageMetaData   errno: -4058,
32 silly fetchPackageMetaData   code: 'ENOENT',
32 silly fetchPackageMetaData   syscall: 'open',
32 silly fetchPackageMetaData   path: 'C:\\Users\\Mark0\\Apps\\StockApp\\-' }
33 verbose request uri https://registry.npmjs.org/git
34 verbose request no auth needed
35 info attempt registry request try #1 at 12:15:18 PM
36 verbose etag W/"586e2a31-278b"
37 verbose lastModified Thu, 05 Jan 2017 11:12:49 GMT
38 http request GET https://registry.npmjs.org/git
39 http 304 https://registry.npmjs.org/git
40 verbose headers { date: 'Sat, 04 Feb 2017 18:15:18 GMT',
40 verbose headers   via: '1.1 varnish',
40 verbose headers   'cache-control': 'max-age=300',
40 verbose headers   etag: 'W/"586e2a31-278b"',
40 verbose headers   age: '0',
40 verbose headers   connection: 'keep-alive',
40 verbose headers   'x-served-by': 'cache-dfw1824-DFW',
40 verbose headers   'x-cache': 'MISS',
40 verbose headers   'x-cache-hits': '0',
40 verbose headers   'x-timer': 'S1486232118.680387,VS0,VE167',
40 verbose headers   vary: 'Accept-Encoding' }
41 silly get cb [ 304,
41 silly get   { date: 'Sat, 04 Feb 2017 18:15:18 GMT',
41 silly get     via: '1.1 varnish',
41 silly get     'cache-control': 'max-age=300',
41 silly get     etag: 'W/"586e2a31-278b"',
41 silly get     age: '0',
41 silly get     connection: 'keep-alive',
41 silly get     'x-served-by': 'cache-dfw1824-DFW',
41 silly get     'x-cache': 'MISS',
41 silly get     'x-cache-hits': '0',
41 silly get     'x-timer': 'S1486232118.680387,VS0,VE167',
41 silly get     vary: 'Accept-Encoding' } ]
42 verbose etag https://registry.npmjs.org/git from cache
43 verbose get saving git to C:\Users\Mark0\AppData\Roaming\npm-cache\registry.npmjs.org\git\.cache.json
44 verbose correctMkdir C:\Users\Mark0\AppData\Roaming\npm-cache correctMkdir not in flight; initializing
45 http 200 https://registry.npmjs.org/g
46 verbose headers { server: 'nginx/1.10.1',
46 verbose headers   'content-type': 'application/json',
46 verbose headers   'last-modified': 'Sat, 14 May 2016 03:19:21 GMT',
46 verbose headers   etag: 'W/"57369939-205b"',
46 verbose headers   'content-encoding': 'gzip',
46 verbose headers   'cache-control': 'max-age=300',
46 verbose headers   'content-length': '1712',
46 verbose headers   'accept-ranges': 'bytes',
46 verbose headers   date: 'Sat, 04 Feb 2017 18:15:18 GMT',
46 verbose headers   via: '1.1 varnish',
46 verbose headers   age: '0',
46 verbose headers   connection: 'keep-alive',
46 verbose headers   'x-served-by': 'cache-dfw1836-DFW',
46 verbose headers   'x-cache': 'MISS',
46 verbose headers   'x-cache-hits': '0',
46 verbose headers   'x-timer': 'S1486232118.680593,VS0,VE176',
46 verbose headers   vary: 'Accept-Encoding' }
47 silly get cb [ 200,
47 silly get   { server: 'nginx/1.10.1',
47 silly get     'content-type': 'application/json',
47 silly get     'last-modified': 'Sat, 14 May 2016 03:19:21 GMT',
47 silly get     etag: 'W/"57369939-205b"',
47 silly get     'content-encoding': 'gzip',
47 silly get     'cache-control': 'max-age=300',
47 silly get     'content-length': '1712',
47 silly get     'accept-ranges': 'bytes',
47 silly get     date: 'Sat, 04 Feb 2017 18:15:18 GMT',
47 silly get     via: '1.1 varnish',
47 silly get     age: '0',
47 silly get     connection: 'keep-alive',
47 silly get     'x-served-by': 'cache-dfw1836-DFW',
47 silly get     'x-cache': 'MISS',
47 silly get     'x-cache-hits': '0',
47 silly get     'x-timer': 'S1486232118.680593,VS0,VE176',
47 silly get     vary: 'Accept-Encoding' } ]
48 verbose get saving g to C:\Users\Mark0\AppData\Roaming\npm-cache\registry.npmjs.org\g\.cache.json
49 verbose correctMkdir C:\Users\Mark0\AppData\Roaming\npm-cache correctMkdir not in flight; initializing
50 silly rollbackFailedOptional Starting
51 silly rollbackFailedOptional Finishing
52 silly runTopLevelLifecycles Finishing
53 silly install printInstalled
54 verbose stack Error: ENOENT: no such file or directory, open 'C:\Users\Mark0\Apps\StockApp\-'
55 verbose cwd C:\Users\Mark0\Apps\StockApp
56 error Windows_NT 10.0.14393
57 error argv "C:\\Program Files\\nodejs\\node.exe" "C:\\Users\\Mark0\\AppData\\Roaming\\npm\\node_modules\\npm\\bin\\npm-cli.js" "install" "-" "g" "git"
58 error node v7.4.0
59 error npm  v4.1.2
60 error path C:\Users\Mark0\Apps\StockApp\-
61 error code ENOENT
62 error errno -4058
63 error syscall open
64 error enoent ENOENT: no such file or directory, open 'C:\Users\Mark0\Apps\StockApp\-'
65 error enoent ENOENT: no such file or directory, open 'C:\Users\Mark0\Apps\StockApp\-'
65 error enoent This is most likely not a problem with npm itself
65 error enoent and is related to npm not being able to find a file.
66 verbose exit [ -4058, true ]
